<?xml version='1.0'?>
<ns2:test-suite xmlns:ns2='urn:model.allure.qatools.yandex.ru' start='1621118924281' stop='1621118924418'>
    <name>Test the login functionality on Login App: Login with correct credentials</name>
    <title>Test the login functionality on Login App: Login with correct credentials</title>
    <test-cases>
        <test-case start='1621118924284' status='passed' stop='1621118924290'>
            <name></name>
            <title></title>
            <labels>
                <label name='language' value='javascript'/>
                <label name='framework' value='wdio'/>
                <label name='thread' value='0-0'/>
            </labels>
            <parameters>
                <parameter kind='argument' name='browser' value='Chrome-90.0.4430.212'/>
            </parameters>
            <steps/>
            <attachments/>
        </test-case>
        <test-case start='1621118924292' status='passed' stop='1621118924306'>
            <name>Given I am on the login page</name>
            <title>Given I am on the login page</title>
            <labels>
                <label name='language' value='javascript'/>
                <label name='framework' value='wdio'/>
                <label name='thread' value='0-0'/>
            </labels>
            <parameters>
                <parameter kind='argument' name='browser' value='Chrome-90.0.4430.212'/>
            </parameters>
            <steps/>
            <attachments/>
        </test-case>
        <test-case start='1621118924307' status='broken' stop='1621118924366'>
            <name>When I login with "user123" and "happycoder123"</name>
            <title>When I login with "user123" and "happycoder123"</title>
            <labels>
                <label name='language' value='javascript'/>
                <label name='framework' value='wdio'/>
                <label name='thread' value='0-0'/>
            </labels>
            <parameters>
                <parameter kind='argument' name='browser' value='Chrome-90.0.4430.212'/>
            </parameters>
            <steps>
                <step start='1621118924330' status='broken' stop='1621118924365'>
                    <name>getTitle</name>
                    <title>getTitle</title>
                    <attachments/>
                    <steps>
                        <step start='1621118924332' status='broken' stop='1621118924365'>
                            <name>navigateTo</name>
                            <title>navigateTo</title>
                            <attachments>
                                <attachment title='Request' source='f25ae6c8-e910-4f7d-881e-b218c3c9e7e5-attachment.json' type='application/json' size='66'/>
                            </attachments>
                            <steps/>
                        </step>
                    </steps>
                </step>
            </steps>
            <attachments/>
            <failure>
                <message>TypeError: this.inputUsername.setValue is not a function</message>
                <stack-trace>TypeError: this.inputUsername.setValue is not a function
                    at LoginPage.login (E:\VS_Code_Project\TestSolution\pageobjects\/login.page.js:45:28)
                    at World.&lt;anonymous> (E:\VS_Code_Project\TestSolution\step-definitions\/steps.js:41:13)
                    at World.executeAsync (E:\VS_Code_Project\TestSolution\node_modules\@wdio\utils\build\shim.js:136:25)
                    at World.testFrameworkFnWrapper (E:\VS_Code_Project\TestSolution\node_modules\@wdio\utils\build\test-framework\testFnWrapper.js:45:32)</stack-trace>
            </failure>
        </test-case>
        <test-case start='1621118924368' status='undefined'>
            <name>Then I should see a message saying "Login Successfull"</name>
            <title>Then I should see a message saying "Login Successfull"</title>
            <labels>
                <label name='language' value='javascript'/>
                <label name='framework' value='wdio'/>
                <label name='thread' value='0-0'/>
            </labels>
            <parameters>
                <parameter kind='argument' name='browser' value='Chrome-90.0.4430.212'/>
            </parameters>
            <steps/>
            <attachments/>
        </test-case>
        <test-case start='1621118924370' status='pending' stop='1621118924370'>
            <name>I should see a message saying "Login Successfull"</name>
            <title>I should see a message saying "Login Successfull"</title>
            <labels/>
            <parameters/>
            <steps/>
            <attachments/>
            <failure>
                <message>Test ignored</message>
                <stack-trace>undefined</stack-trace>
            </failure>
        </test-case>
        <test-case start='1621118924371' status='passed' stop='1621118924413'>
            <name></name>
            <title></title>
            <labels>
                <label name='language' value='javascript'/>
                <label name='framework' value='wdio'/>
                <label name='thread' value='0-0'/>
            </labels>
            <parameters>
                <parameter kind='argument' name='browser' value='Chrome-90.0.4430.212'/>
            </parameters>
            <steps>
                <step start='1621118924397' status='passed' stop='1621118924411'>
                    <name>findElement</name>
                    <title>findElement</title>
                    <attachments>
                        <attachment title='Request' source='77e3e33e-b2d6-4cc0-bd0a-d5480679c58e-attachment.json' type='application/json' size='58'/>
                    </attachments>
                    <steps/>
                </step>
            </steps>
            <attachments/>
        </test-case>
    </test-cases>
</ns2:test-suite>