<?xml version='1.0'?>
<ns2:test-suite xmlns:ns2='urn:model.allure.qatools.yandex.ru' start='1621105680005' stop='1621105680036'>
    <name>Test the login functionality on Login App: Login with correct credentials</name>
    <title>Test the login functionality on Login App: Login with correct credentials</title>
    <test-cases>
        <test-case start='1621105680008' status='passed' stop='1621105680013'>
            <name></name>
            <title></title>
            <labels>
                <label name='language' value='javascript'/>
                <label name='framework' value='wdio'/>
                <label name='thread' value='0-0'/>
            </labels>
            <parameters>
                <parameter kind='argument' name='browser' value='chrome-90.0.4430.212'/>
            </parameters>
            <steps/>
            <attachments/>
        </test-case>
        <test-case start='1621105680015' status='broken' stop='1621105680026'>
            <name>Given I am on the login page</name>
            <title>Given I am on the login page</title>
            <labels>
                <label name='language' value='javascript'/>
                <label name='framework' value='wdio'/>
                <label name='thread' value='0-0'/>
            </labels>
            <parameters>
                <parameter kind='argument' name='browser' value='chrome-90.0.4430.212'/>
            </parameters>
            <steps/>
            <attachments/>
            <failure>
                <message>TypeError: browser.open is not a function</message>
                <stack-trace>TypeError: browser.open is not a function
                    at World.&lt;anonymous> (E:\VS_Code_Project\TestSolution\step-definitions\/steps.js:32:13)
                    at World.executeAsync (E:\VS_Code_Project\TestSolution\node_modules\@wdio\utils\build\shim.js:136:25)
                    at World.testFrameworkFnWrapper (E:\VS_Code_Project\TestSolution\node_modules\@wdio\utils\build\test-framework\testFnWrapper.js:45:32)</stack-trace>
            </failure>
        </test-case>
        <test-case start='1621105680027' status='undefined'>
            <name>When I login with "user123" and "happycoder123"</name>
            <title>When I login with "user123" and "happycoder123"</title>
            <labels>
                <label name='language' value='javascript'/>
                <label name='framework' value='wdio'/>
                <label name='thread' value='0-0'/>
            </labels>
            <parameters>
                <parameter kind='argument' name='browser' value='chrome-90.0.4430.212'/>
            </parameters>
            <steps/>
            <attachments/>
        </test-case>
        <test-case start='1621105680030' status='pending' stop='1621105680030'>
            <name>I login with "user123" and "happycoder123"</name>
            <title>I login with "user123" and "happycoder123"</title>
            <labels/>
            <parameters/>
            <steps/>
            <attachments/>
            <failure>
                <message>Test ignored</message>
                <stack-trace>undefined</stack-trace>
            </failure>
        </test-case>
        <test-case start='1621105680031' status='undefined'>
            <name>Then I should see a message saying "Login Successfull"</name>
            <title>Then I should see a message saying "Login Successfull"</title>
            <labels>
                <label name='language' value='javascript'/>
                <label name='framework' value='wdio'/>
                <label name='thread' value='0-0'/>
            </labels>
            <parameters>
                <parameter kind='argument' name='browser' value='chrome-90.0.4430.212'/>
            </parameters>
            <steps/>
            <attachments/>
        </test-case>
        <test-case start='1621105680032' status='pending' stop='1621105680032'>
            <name>I should see a message saying "Login Successfull"</name>
            <title>I should see a message saying "Login Successfull"</title>
            <labels/>
            <parameters/>
            <steps/>
            <attachments/>
            <failure>
                <message>Test ignored</message>
                <stack-trace>undefined</stack-trace>
            </failure>
        </test-case>
        <test-case start='1621105680033' status='passed' stop='1621105680034'>
            <name></name>
            <title></title>
            <labels>
                <label name='language' value='javascript'/>
                <label name='framework' value='wdio'/>
                <label name='thread' value='0-0'/>
            </labels>
            <parameters>
                <parameter kind='argument' name='browser' value='chrome-90.0.4430.212'/>
            </parameters>
            <steps/>
            <attachments/>
        </test-case>
    </test-cases>
</ns2:test-suite>