<?xml version='1.0'?>
<ns2:test-suite xmlns:ns2='urn:model.allure.qatools.yandex.ru' start='1621185177134' stop='1621185177359'>
    <name>Test the login functionality on Login App: Login with correct credentials</name>
    <title>Test the login functionality on Login App: Login with correct credentials</title>
    <test-cases>
        <test-case start='1621185177137' status='passed' stop='1621185177142'>
            <name></name>
            <title></title>
            <labels>
                <label name='language' value='javascript'/>
                <label name='framework' value='wdio'/>
                <label name='thread' value='0-0'/>
            </labels>
            <parameters>
                <parameter kind='argument' name='browser' value='Chrome-90.0.4430.212'/>
            </parameters>
            <steps/>
            <attachments/>
        </test-case>
        <test-case start='1621185177143' status='passed' stop='1621185177158'>
            <name>Given I am on the login page</name>
            <title>Given I am on the login page</title>
            <labels>
                <label name='language' value='javascript'/>
                <label name='framework' value='wdio'/>
                <label name='thread' value='0-0'/>
            </labels>
            <parameters>
                <parameter kind='argument' name='browser' value='Chrome-90.0.4430.212'/>
            </parameters>
            <steps/>
            <attachments/>
        </test-case>
        <test-case start='1621185177159' status='broken' stop='1621185177272'>
            <name>When I login with "user123" and "happycoder123"</name>
            <title>When I login with "user123" and "happycoder123"</title>
            <labels>
                <label name='language' value='javascript'/>
                <label name='framework' value='wdio'/>
                <label name='thread' value='0-0'/>
            </labels>
            <parameters>
                <parameter kind='argument' name='browser' value='Chrome-90.0.4430.212'/>
            </parameters>
            <steps>
                <step start='1621185177203' status='broken' stop='1621185177272'>
                    <name>getTitle</name>
                    <title>getTitle</title>
                    <attachments/>
                    <steps>
                        <step start='1621185177223' status='broken' stop='1621185177272'>
                            <name>navigateTo</name>
                            <title>navigateTo</title>
                            <attachments>
                                <attachment title='Request' source='6d58d344-7aad-42ad-bef0-d97ff1b125f7-attachment.json' type='application/json' size='66'/>
                            </attachments>
                            <steps/>
                        </step>
                    </steps>
                </step>
            </steps>
            <attachments/>
            <failure>
                <message>TypeError: this.inputUsername.setValue is not a function</message>
                <stack-trace>TypeError: this.inputUsername.setValue is not a function
                    at LoginPage.login (E:\VS_Code_Project\TestSolution\pageobjects\loginpage.ts:43:28)
                    at World.&lt;anonymous> (E:\VS_Code_Project\TestSolution\step-definitions\steps.ts:42:13)
                    at World.executeAsync (E:\VS_Code_Project\TestSolution\node_modules\@wdio\utils\build\shim.js:136:25)
                    at World.testFrameworkFnWrapper (E:\VS_Code_Project\TestSolution\node_modules\@wdio\utils\build\test-framework\testFnWrapper.js:45:32)</stack-trace>
            </failure>
        </test-case>
        <test-case start='1621185177274' status='undefined'>
            <name>Then I should see a message saying "Login Successfull"</name>
            <title>Then I should see a message saying "Login Successfull"</title>
            <labels>
                <label name='language' value='javascript'/>
                <label name='framework' value='wdio'/>
                <label name='thread' value='0-0'/>
            </labels>
            <parameters>
                <parameter kind='argument' name='browser' value='Chrome-90.0.4430.212'/>
            </parameters>
            <steps/>
            <attachments/>
        </test-case>
        <test-case start='1621185177291' status='pending' stop='1621185177291'>
            <name>I should see a message saying "Login Successfull"</name>
            <title>I should see a message saying "Login Successfull"</title>
            <labels/>
            <parameters/>
            <steps/>
            <attachments/>
            <failure>
                <message>Test ignored</message>
                <stack-trace>undefined</stack-trace>
            </failure>
        </test-case>
        <test-case start='1621185177293' status='passed' stop='1621185177348'>
            <name></name>
            <title></title>
            <labels>
                <label name='language' value='javascript'/>
                <label name='framework' value='wdio'/>
                <label name='thread' value='0-0'/>
            </labels>
            <parameters>
                <parameter kind='argument' name='browser' value='Chrome-90.0.4430.212'/>
            </parameters>
            <steps>
                <step start='1621185177340' status='passed' stop='1621185177347'>
                    <name>findElement</name>
                    <title>findElement</title>
                    <attachments>
                        <attachment title='Request' source='caf8bcdb-7a97-4962-a3fe-8619e26d0f9f-attachment.json' type='application/json' size='58'/>
                    </attachments>
                    <steps/>
                </step>
            </steps>
            <attachments/>
        </test-case>
    </test-cases>
</ns2:test-suite>