<?xml version='1.0'?>
<ns2:test-suite xmlns:ns2='urn:model.allure.qatools.yandex.ru' start='1621312945809' stop='1621312945940'>
    <name>Test the login functionality on Login App: Login with some Username and Password within acceptable number of characters - Intentially failing</name>
    <title>Test the login functionality on Login App: Login with some Username and Password within acceptable number of characters - Intentially failing</title>
    <test-cases>
        <test-case start='1621312945809' status='passed' stop='1621312945825'>
            <name></name>
            <title></title>
            <labels>
                <label name='language' value='javascript'/>
                <label name='framework' value='wdio'/>
                <label name='thread' value='0-0'/>
            </labels>
            <parameters>
                <parameter kind='argument' name='browser' value='Chrome-90.0.4430.212'/>
            </parameters>
            <steps/>
            <attachments/>
        </test-case>
        <test-case start='1621312945826' status='passed' stop='1621312945868'>
            <name>Given I am on the login page</name>
            <title>Given I am on the login page</title>
            <labels>
                <label name='language' value='javascript'/>
                <label name='framework' value='wdio'/>
                <label name='thread' value='0-0'/>
            </labels>
            <parameters>
                <parameter kind='argument' name='browser' value='Chrome-90.0.4430.212'/>
            </parameters>
            <steps>
                <step start='1621312945844' status='undefined'>
                    <name>getTitle</name>
                    <title>getTitle</title>
                    <attachments/>
                    <steps>
                        <step start='1621312945845' status='undefined'>
                            <name>getTitle</name>
                            <title>getTitle</title>
                            <attachments/>
                            <steps>
                                <step start='1621312945845' status='undefined'>
                                    <name>getTitle</name>
                                    <title>getTitle</title>
                                    <attachments/>
                                    <steps>
                                        <step start='1621312945846' status='undefined'>
                                            <name>getTitle</name>
                                            <title>getTitle</title>
                                            <attachments/>
                                            <steps>
                                                <step start='1621312945846' status='undefined'>
                                                    <name>findElement</name>
                                                    <title>findElement</title>
                                                    <attachments>
                                                        <attachment title='Request' source='9f650bdd-33c8-47d6-aad9-246b9634abde-attachment.json' type='application/json' size='58'/>
                                                    </attachments>
                                                    <steps>
                                                        <step start='1621312945849' status='undefined'>
                                                            <name>findElement</name>
                                                            <title>findElement</title>
                                                            <attachments>
                                                                <attachment title='Request' source='ca11e2b9-6001-486f-bd08-9662da814f4c-attachment.json' type='application/json' size='58'/>
                                                            </attachments>
                                                            <steps>
                                                                <step start='1621312945855' status='undefined'>
                                                                    <name>findElement</name>
                                                                    <title>findElement</title>
                                                                    <attachments>
                                                                        <attachment title='Request' source='5cd8d01a-d261-4c03-a7b8-8ac559385b28-attachment.json' type='application/json' size='58'/>
                                                                    </attachments>
                                                                    <steps>
                                                                        <step start='1621312945856' status='undefined'>
                                                                            <name>findElement</name>
                                                                            <title>findElement</title>
                                                                            <attachments>
                                                                                <attachment title='Request' source='7bd78a9c-dec3-4add-a8f8-a1c357cbbca5-attachment.json' type='application/json' size='58'/>
                                                                            </attachments>
                                                                            <steps>
                                                                                <step start='1621312945857' status='undefined'>
                                                                                    <name>findElement</name>
                                                                                    <title>findElement</title>
                                                                                    <attachments>
                                                                                        <attachment title='Request' source='e802496e-04ac-47a1-bb10-32dba919e9bb-attachment.json' type='application/json' size='58'/>
                                                                                    </attachments>
                                                                                    <steps>
                                                                                        <step start='1621312945861' status='undefined'>
                                                                                            <name>getTitle</name>
                                                                                            <title>getTitle</title>
                                                                                            <attachments/>
                                                                                            <steps>
                                                                                                <step start='1621312945862' status='undefined'>
                                                                                                    <name>findElement</name>
                                                                                                    <title>findElement</title>
                                                                                                    <attachments>
                                                                                                        <attachment title='Request' source='2ef932f1-453e-483d-8d19-1152724dd5ef-attachment.json' type='application/json' size='58'/>
                                                                                                    </attachments>
                                                                                                    <steps/>
                                                                                                </step>
                                                                                            </steps>
                                                                                        </step>
                                                                                    </steps>
                                                                                </step>
                                                                            </steps>
                                                                        </step>
                                                                    </steps>
                                                                </step>
                                                            </steps>
                                                        </step>
                                                    </steps>
                                                </step>
                                            </steps>
                                        </step>
                                    </steps>
                                </step>
                            </steps>
                        </step>
                    </steps>
                </step>
            </steps>
            <attachments/>
        </test-case>
        <test-case start='1621312945869' status='broken' stop='1621312945937'>
            <name>When I login with "user123" and "happycoder123"</name>
            <title>When I login with "user123" and "happycoder123"</title>
            <labels>
                <label name='language' value='javascript'/>
                <label name='framework' value='wdio'/>
                <label name='thread' value='0-0'/>
            </labels>
            <parameters>
                <parameter kind='argument' name='browser' value='Chrome-90.0.4430.212'/>
            </parameters>
            <steps>
                <step start='1621312945871' status='passed' stop='1621312945882'>
                    <name>getTitle</name>
                    <title>getTitle</title>
                    <attachments>
                        <attachment title='Response' source='27264f7d-9612-472d-9d3d-e164f0ffd974-attachment.json' type='application/json' size='13'/>
                    </attachments>
                    <steps>
                        <step start='1621312945871' status='passed' stop='1621312945880'>
                            <name>navigateTo</name>
                            <title>navigateTo</title>
                            <attachments>
                                <attachment title='Request' source='cf9c4e5d-6900-4b8d-bfdd-d54bdb86bd15-attachment.json' type='application/json' size='66'/>
                                <attachment title='Response' source='288b6d44-efda-47bf-83a7-752f202db1ed-attachment.json' type='application/json' size='13'/>
                            </attachments>
                            <steps/>
                        </step>
                    </steps>
                </step>
            </steps>
            <attachments>
                <attachment title='Response' source='9f71f4c3-716f-4ac1-9560-5c0bf3163a7b-attachment.json' type='application/json' size='13'/>
                <attachment title='Response' source='a1a1933a-e797-40a3-b79b-e3b6fc129699-attachment.json' type='application/json' size='13'/>
                <attachment title='Response' source='7d7a689a-971b-4c33-b6ad-a2d90995c04e-attachment.json' type='application/json' size='13'/>
                <attachment title='Response' source='9fcb696b-a9e2-4ef1-af97-0ebe5aa88ad2-attachment.json' type='application/json' size='13'/>
            </attachments>
            <failure>
                <message>TypeError: this.inputUsername.setValue is not a function</message>
                <stack-trace>TypeError: this.inputUsername.setValue is not a function
                    at LoginPage.login (E:\VS_Code_Project\TestSolution\pageobjects\loginpage.ts:43:28)
                    at World.&lt;anonymous> (E:\VS_Code_Project\TestSolution\step-definitions\steps.ts:16:13)
                    at World.executeAsync (E:\VS_Code_Project\TestSolution\node_modules\@wdio\utils\build\shim.js:136:25)
                    at World.testFrameworkFnWrapper (E:\VS_Code_Project\TestSolution\node_modules\@wdio\utils\build\test-framework\testFnWrapper.js:45:32)</stack-trace>
            </failure>
        </test-case>
        <test-case start='1621312945938' status='undefined'>
            <name>Then I should see a message saying "Nice try !!! but credentials are wrong" near Password field</name>
            <title>Then I should see a message saying "Nice try !!! but credentials are wrong" near Password field</title>
            <labels>
                <label name='language' value='javascript'/>
                <label name='framework' value='wdio'/>
                <label name='thread' value='0-0'/>
            </labels>
            <parameters>
                <parameter kind='argument' name='browser' value='Chrome-90.0.4430.212'/>
            </parameters>
            <steps/>
            <attachments/>
        </test-case>
        <test-case start='1621312945938' status='pending' stop='1621312945938'>
            <name>I should see a message saying "Nice try !!! but credentials are wrong" near Password field</name>
            <title>I should see a message saying "Nice try !!! but credentials are wrong" near Password field</title>
            <labels/>
            <parameters/>
            <steps/>
            <attachments/>
            <failure>
                <message>Test ignored</message>
                <stack-trace>undefined</stack-trace>
            </failure>
        </test-case>
        <test-case start='1621312945938' status='passed' stop='1621312945940'>
            <name></name>
            <title></title>
            <labels>
                <label name='language' value='javascript'/>
                <label name='framework' value='wdio'/>
                <label name='thread' value='0-0'/>
            </labels>
            <parameters>
                <parameter kind='argument' name='browser' value='Chrome-90.0.4430.212'/>
            </parameters>
            <steps/>
            <attachments/>
        </test-case>
    </test-cases>
</ns2:test-suite>